Arguments: 
  C:\Program Files\nodejs\node.exe C:\Users\DELL\AppData\Roaming\npm\node_modules\yarn\bin\yarn.js add bootstrap jquery propper.js

PATH: 
  C:\Users\DELL\bin;C:\Program Files\Git\mingw64\bin;C:\Program Files\Git\usr\local\bin;C:\Program Files\Git\usr\bin;C:\Program Files\Git\usr\bin;C:\Program Files\Git\mingw64\bin;C:\Program Files\Git\usr\bin;C:\Users\DELL\bin;C:\Windows\system32;C:\Windows;C:\Windows\System32\Wbem;C:\Windows\System32\WindowsPowerShell\v1.0;C:\Windows\System32\OpenSSH;C:\Program Files (x86)\NVIDIA Corporation\PhysX\Common;C:\Program Files\nodejs;C:\ProgramData\chocolatey\bin;C:\Program Files\PuTTY;C:\Program Files\Docker\Docker\resources\bin;C:\ProgramData\DockerDesktop\version-bin;C:\Program Files\Git\cmd;C:\HashiCorp\Vagrant\bin;C:\Program Files\Amazon\AWSCLIV2;C:\Program Files\Java\jdk1.8.0_211\bin;C:\ProgramData\chocolatey\lib\maven\apache-maven-3.8.6\bin;C:\Program Files\Go\bin;C:\Program Files\dotnet;C:\sqlite3;C:\Program Files\PowerShell\7;C:\Ruby31-x64\bin;C:\Users\DELL\AppData\Local\Programs\Python\Python310\Scripts;C:\Users\DELL\AppData\Local\Programs\Python\Python310;C:\Users\DELL\AppData\Local\Microsoft\WindowsApps;C:\Users\DELL\AppData\Local\Programs\Microsoft VS Code\bin;C:\Users\DELL\AppData\Local\Programs\Python\Python310;C:\Users\DELL\AppData\Local\Programs\Python\Python310\Scripts;C:\Program Files\JetBrains\PyCharm Community Edition 2021.2.3\bin;C:\Users\DELL\AppData\Roaming\npm;C:\Program Files\nodejs;C:\Program Files\Oracle\VirtualBox;C:\Users\DELL\AppData\Local\GitHubDesktop\bin;C:\Program Files\JetBrains\IntelliJ IDEA Community Edition 2022.2.1\bin;C:\Users\DELL\go\bin;C:\ProgramData\chocolatey\lib\mingw\tools\install\mingw64\bin;C:\Program Files\Git\usr\bin\vendor_perl;C:\Program Files\Git\usr\bin\core_perl

Yarn version: 
  1.22.17

Node version: 
  16.13.0

Platform: 
  win32 x64

Trace: 
  Error: https://registry.yarnpkg.com/propper.js: Not found
      at Request.params.callback [as _callback] (C:\Users\DELL\AppData\Roaming\npm\node_modules\yarn\lib\cli.js:67029:18)
      at Request.self.callback (C:\Users\DELL\AppData\Roaming\npm\node_modules\yarn\lib\cli.js:140883:22)
      at Request.emit (node:events:390:28)
      at Request.<anonymous> (C:\Users\DELL\AppData\Roaming\npm\node_modules\yarn\lib\cli.js:141855:10)
      at Request.emit (node:events:390:28)
      at IncomingMessage.<anonymous> (C:\Users\DELL\AppData\Roaming\npm\node_modules\yarn\lib\cli.js:141777:12)
      at Object.onceWrapper (node:events:509:28)
      at IncomingMessage.emit (node:events:402:35)
      at endReadableNT (node:internal/streams/readable:1343:12)
      at processTicksAndRejections (node:internal/process/task_queues:83:21)

npm manifest: 
  No manifest

yarn manifest: 
  No manifest

Lockfile: 
  No lockfile
